<testsuites id="" name="" tests="7" failures="0" skipped="0" errors="0" time="24.71056">
<testsuite name="tests/system/system-health.spec.ts" timestamp="2026-02-16T13:22:03.213Z" hostname="authenticated" tests="7" failures="0" skipped="0" time="14.876" errors="0">
<testcase name="System Health › page loads with heading" classname="tests/system/system-health.spec.ts" time="3.276">
</testcase>
<testcase name="System Health › health panel is visible with System Health title" classname="tests/system/system-health.spec.ts" time="2.188">
</testcase>
<testcase name="System Health › health panel resolves to RAG status or error" classname="tests/system/system-health.spec.ts" time="2.364">
</testcase>
<testcase name="System Health › health panel shows data-status or error when loaded" classname="tests/system/system-health.spec.ts" time="1.747">
</testcase>
<testcase name="System Health › severity groups and check items render when SUPERADMIN" classname="tests/system/system-health.spec.ts" time="1.815">
</testcase>
<testcase name="System Health › stat cards show key metrics" classname="tests/system/system-health.spec.ts" time="1.849">
</testcase>
<testcase name="System Health › quick link cards are present" classname="tests/system/system-health.spec.ts" time="1.637">
</testcase>
</testsuite>
</testsuites>